<?xml version="1.0" encoding="UTF-8" ?>
<testsuite failures="0" time="0.643" errors="0" skipped="0" tests="1" name="org.synyx.hera.core.config.PluginConfigurationIntegrationTest">
  <properties>
    <property name="java.vendor" value="Apple Inc."/>
    <property name="localRepository" value="/Users/olivergierke/.m2/repository"/>
    <property name="sun.java.launcher" value="SUN_STANDARD"/>
    <property name="sun.management.compiler" value="HotSpot 64-Bit Server Compiler"/>
    <property name="os.name" value="Mac OS X"/>
    <property name="sun.boot.class.path" value="/System/Library/Frameworks/JavaVM.framework/Versions/1.6.0/Classes/jsfd.jar:/System/Library/Frameworks/JavaVM.framework/Versions/1.6.0/Classes/classes.jar:/System/Library/Frameworks/JavaVM.framework/Frameworks/JavaRuntimeSupport.framework/Resources/Java/JavaRuntimeSupport.jar:/System/Library/Frameworks/JavaVM.framework/Versions/1.6.0/Classes/ui.jar:/System/Library/Frameworks/JavaVM.framework/Versions/1.6.0/Classes/laf.jar:/System/Library/Frameworks/JavaVM.framework/Versions/1.6.0/Classes/sunrsasign.jar:/System/Library/Frameworks/JavaVM.framework/Versions/1.6.0/Classes/jsse.jar:/System/Library/Frameworks/JavaVM.framework/Versions/1.6.0/Classes/jce.jar:/System/Library/Frameworks/JavaVM.framework/Versions/1.6.0/Classes/charsets.jar"/>
    <property name="env.TMPDIR" value="/var/folders/pM/pMiDtflBHwGXrI8njdh15k+++TI/-Tmp-/"/>
    <property name="env.PWD" value="/Users/olivergierke/Documents/workspace35/org.synyx.hera"/>
    <property name="env.LANG" value="de_DE.UTF-8"/>
    <property name="java.vm.specification.vendor" value="Sun Microsystems Inc."/>
    <property name="java.runtime.version" value="1.6.0_13-b03-211"/>
    <property name="env.Apple_PubSub_Socket_Render" value="/tmp/launch-4ZtIUs/Render"/>
    <property name="env.DISPLAY" value="/tmp/launch-AlFZmq/:0"/>
    <property name="user.name" value="olivergierke"/>
    <property name="env.USER" value="olivergierke"/>
    <property name="env.SHELL" value="/bin/bash"/>
    <property name="env.__CF_USER_TEXT_ENCODING" value="0x1F5:0:3"/>
    <property name="awt.nativeDoubleBuffering" value="true"/>
    <property name="env.PATH" value="/usr/bin:/bin:/usr/sbin:/sbin:/usr/local/bin:/usr/X11/bin:/usr/local/git/bin:/Applications/Tools/bundlor/bin:/Applications/Tools/grails/bin:/Applications/Tools/pax-construct-1.4/bin:/Applications/Tools/roo/bin"/>
    <property name="user.language" value="de"/>
    <property name="sun.boot.library.path" value="/System/Library/Frameworks/JavaVM.framework/Versions/1.6.0/Libraries"/>
    <property name="classworlds.conf" value="/usr/share/maven/bin/m2.conf"/>
    <property name="java.version" value="1.6.0_13"/>
    <property name="user.timezone" value="Europe/Berlin"/>
    <property name="sun.arch.data.model" value="64"/>
    <property name="http.nonProxyHosts" value="local|*.local|169.254/16|*.169.254/16"/>
    <property name="java.endorsed.dirs" value="/System/Library/Frameworks/JavaVM.framework/Versions/1.6.0/Home/lib/endorsed"/>
    <property name="sun.cpu.isalist" value=""/>
    <property name="sun.jnu.encoding" value="MacRoman"/>
    <property name="file.encoding.pkg" value="sun.io"/>
    <property name="env.SHLVL" value="1"/>
    <property name="file.separator" value="/"/>
    <property name="java.specification.name" value="Java Platform API Specification"/>
    <property name="java.class.version" value="50.0"/>
    <property name="user.country" value="DE"/>
    <property name="java.home" value="/System/Library/Frameworks/JavaVM.framework/Versions/1.6.0/Home"/>
    <property name="java.vm.info" value="mixed mode"/>
    <property name="env.LOGNAME" value="olivergierke"/>
    <property name="os.version" value="10.5.7"/>
    <property name="env.TERM_PROGRAM_VERSION" value="240.2"/>
    <property name="path.separator" value=":"/>
    <property name="java.vm.version" value="11.3-b02-83"/>
    <property name="env.JAVA_HOME" value="/Library/Java/Home"/>
    <property name="java.awt.printerjob" value="apple.awt.CPrinterJob"/>
    <property name="env.TERM" value="xterm-color"/>
    <property name="sun.io.unicode.encoding" value="UnicodeLittle"/>
    <property name="awt.toolkit" value="apple.awt.CToolkit"/>
    <property name="socksNonProxyHosts" value="local|*.local|169.254/16|*.169.254/16"/>
    <property name="ftp.nonProxyHosts" value="local|*.local|169.254/16|*.169.254/16"/>
    <property name="env.MANPATH" value="/usr/share/man:/usr/local/share/man:/usr/X11/man:/usr/local/git/man"/>
    <property name="user.home" value="/Users/olivergierke"/>
    <property name="env.OLDPWD" value="/Users/olivergierke/Documents/workspace35/org.synyx.hera"/>
    <property name="env.JAVA_MAIN_CLASS_6315" value="org.codehaus.classworlds.Launcher"/>
    <property name="java.specification.vendor" value="Sun Microsystems Inc."/>
    <property name="env.TERM_PROGRAM" value="Apple_Terminal"/>
    <property name="java.library.path" value=".:/Library/Java/Extensions:/System/Library/Java/Extensions:/usr/lib/java"/>
    <property name="java.vendor.url" value="http://www.apple.com/"/>
    <property name="java.vm.vendor" value="Apple Inc."/>
    <property name="gopherProxySet" value="false"/>
    <property name="maven.home" value="/usr/share/maven"/>
    <property name="java.runtime.name" value="Java(TM) SE Runtime Environment"/>
    <property name="java.class.path" value="/usr/share/maven/boot/classworlds-1.1.jar"/>
    <property name="java.vm.specification.name" value="Java Virtual Machine Specification"/>
    <property name="java.vm.specification.version" value="1.0"/>
    <property name="sun.cpu.endian" value="little"/>
    <property name="sun.os.patch.level" value="unknown"/>
    <property name="env.HOME" value="/Users/olivergierke"/>
    <property name="surefire.test.class.path" value="/Users/olivergierke/Documents/workspace35/org.synyx.hera/core/target/test-classes:/Users/olivergierke/Documents/workspace35/org.synyx.hera/core/target/classes:/Users/olivergierke/.m2/repository/org/springframework/spring-beans/2.5.6/spring-beans-2.5.6.jar:/Users/olivergierke/.m2/repository/commons-logging/commons-logging/1.1.1/commons-logging-1.1.1.jar:/Users/olivergierke/.m2/repository/org/springframework/spring-core/2.5.6/spring-core-2.5.6.jar:/Users/olivergierke/.m2/repository/org/springframework/spring-context/2.5.6/spring-context-2.5.6.jar:/Users/olivergierke/.m2/repository/aopalliance/aopalliance/1.0/aopalliance-1.0.jar:/Users/olivergierke/.m2/repository/org/springframework/spring-test/2.5.6/spring-test-2.5.6.jar:/Users/olivergierke/.m2/repository/junit/junit/4.4/junit-4.4.jar:/Users/olivergierke/.m2/repository/org/apache/log4j/com.springsource.org.apache.log4j/1.2.15/com.springsource.org.apache.log4j-1.2.15.jar:"/>
    <property name="java.io.tmpdir" value="/var/folders/pM/pMiDtflBHwGXrI8njdh15k+++TI/-Tmp-/"/>
    <property name="java.vendor.url.bug" value="http://bugreport.apple.com/"/>
    <property name="env.MAVEN_OPTS" value="-Xmx256m"/>
    <property name="env.SSH_AUTH_SOCK" value="/tmp/launch-qbm3RH/Listeners"/>
    <property name="env.COMMAND_MODE" value="unix2003"/>
    <property name="java.awt.graphicsenv" value="apple.awt.CGraphicsEnvironment"/>
    <property name="os.arch" value="x86_64"/>
    <property name="java.ext.dirs" value="/Library/Java/Extensions:/System/Library/Java/Extensions:/System/Library/Frameworks/JavaVM.framework/Versions/1.6.0/Home/lib/ext"/>
    <property name="user.dir" value="/Users/olivergierke/Documents/workspace35/org.synyx.hera/core"/>
    <property name="mrj.version" value="1050.1.6.0_13-211"/>
    <property name="line.separator" value="
"/>
    <property name="java.vm.name" value="Java HotSpot(TM) 64-Bit Server VM"/>
    <property name="basedir" value="/Users/olivergierke/Documents/workspace35/org.synyx.hera/core"/>
    <property name="file.encoding" value="MacRoman"/>
    <property name="env.GRAILS_HOME" value="/Applications/Tools/grails"/>
    <property name="java.specification.version" value="1.6"/>
  </properties>
  <testcase time="0.008" classname="org.synyx.hera.core.config.PluginConfigurationIntegrationTest" name="test"/>
</testsuite>